Determining if the pthread_create exist failed with the following output:
Change Dir: /home/ss/catkin_ws/build/CMakeFiles/CMakeTmp

Run Build Command:"/usr/bin/make" "cmTC_40fec/fast"
/usr/bin/make -f CMakeFiles/cmTC_40fec.dir/build.make CMakeFiles/cmTC_40fec.dir/build
make[1]: Entering directory '/home/ss/catkin_ws/build/CMakeFiles/CMakeTmp'
Building C object CMakeFiles/cmTC_40fec.dir/CheckSymbolExists.c.o
/usr/bin/cc     -o CMakeFiles/cmTC_40fec.dir/CheckSymbolExists.c.o   -c /home/ss/catkin_ws/build/CMakeFiles/CMakeTmp/CheckSymbolExists.c
Linking C executable cmTC_40fec
/usr/bin/cmake -E cmake_link_script CMakeFiles/cmTC_40fec.dir/link.txt --verbose=1
/usr/bin/cc       CMakeFiles/cmTC_40fec.dir/CheckSymbolExists.c.o  -o cmTC_40fec -rdynamic 
CMakeFiles/cmTC_40fec.dir/CheckSymbolExists.c.o: In function `main':
CheckSymbolExists.c:(.text+0x16): undefined reference to `pthread_create'
collect2: error: ld returned 1 exit status
CMakeFiles/cmTC_40fec.dir/build.make:97: recipe for target 'cmTC_40fec' failed
make[1]: *** [cmTC_40fec] Error 1
make[1]: Leaving directory '/home/ss/catkin_ws/build/CMakeFiles/CMakeTmp'
Makefile:126: recipe for target 'cmTC_40fec/fast' failed
make: *** [cmTC_40fec/fast] Error 2

File /home/ss/catkin_ws/build/CMakeFiles/CMakeTmp/CheckSymbolExists.c:
/* */
#include <pthread.h>

int main(int argc, char** argv)
{
  (void)argv;
#ifndef pthread_create
  return ((int*)(&pthread_create))[argc];
#else
  (void)argc;
  return 0;
#endif
}

Determining if the function pthread_create exists in the pthreads failed with the following output:
Change Dir: /home/ss/catkin_ws/build/CMakeFiles/CMakeTmp

Run Build Command:"/usr/bin/make" "cmTC_8ec36/fast"
/usr/bin/make -f CMakeFiles/cmTC_8ec36.dir/build.make CMakeFiles/cmTC_8ec36.dir/build
make[1]: Entering directory '/home/ss/catkin_ws/build/CMakeFiles/CMakeTmp'
Building C object CMakeFiles/cmTC_8ec36.dir/CheckFunctionExists.c.o
/usr/bin/cc    -DCHECK_FUNCTION_EXISTS=pthread_create   -o CMakeFiles/cmTC_8ec36.dir/CheckFunctionExists.c.o   -c /usr/share/cmake-3.5/Modules/CheckFunctionExists.c
Linking C executable cmTC_8ec36
/usr/bin/cmake -E cmake_link_script CMakeFiles/cmTC_8ec36.dir/link.txt --verbose=1
/usr/bin/cc   -DCHECK_FUNCTION_EXISTS=pthread_create    CMakeFiles/cmTC_8ec36.dir/CheckFunctionExists.c.o  -o cmTC_8ec36 -rdynamic -lpthreads 
/usr/bin/ld: cannot find -lpthreads
collect2: error: ld returned 1 exit status
CMakeFiles/cmTC_8ec36.dir/build.make:97: recipe for target 'cmTC_8ec36' failed
make[1]: *** [cmTC_8ec36] Error 1
make[1]: Leaving directory '/home/ss/catkin_ws/build/CMakeFiles/CMakeTmp'
Makefile:126: recipe for target 'cmTC_8ec36/fast' failed
make: *** [cmTC_8ec36/fast] Error 2


